┌───────┬───────┬───────┐
│     [0;32m3[0m │     [0;32m7[0m │       │
│ [0;32m6[0m   [0;32m9[0m │   [0;32m2[0m [0;32m8[0m │     [0;32m5[0m │
│     [0;32m4[0m │ [0;32m5[0m   [0;32m3[0m │ [0;32m8[0m   [0;32m1[0m │
├───────┼───────┼───────┤
│     [0;32m5[0m │ [0;32m8[0m [0;32m4[0m   │     [0;32m3[0m │
│ [0;32m3[0m [0;32m6[0m [0;32m8[0m │       │ [0;32m1[0m     │
│ [0;32m9[0m [0;32m4[0m [0;32m7[0m │ [0;32m3[0m [0;32m1[0m   │   [0;32m8[0m [0;32m2[0m │
├───────┼───────┼───────┤
│ [0;32m4[0m   [0;32m2[0m │ [0;32m9[0m [0;32m3[0m [0;32m1[0m │       │
│   [0;32m3[0m [0;32m6[0m │       │ [0;32m9[0m [0;32m1[0m   │
│   [0;32m9[0m [0;32m1[0m │ [0;32m6[0m [0;32m8[0m   │       │
└───────┴───────┴───────┘
╔═══════╤═══════╤═══════╦═══════╤═══════╤═══════╦═══════╤═══════╤═══════╗
║ 1 2   │ 1 2   │       ║ 1     │       │       ║   2   │   2   │       ║
║   5   │   5   │       ║ 4     │     6 │       ║ 4   6 │ 4   6 │ 4   6 ║
║   8   │   8   │       ║       │     9 │       ║       │     9 │     9 ║
╟───────┼───────┼───────╫───────┼───────┼───────╫───────┼───────┼───────╢
║       │ 1     │       ║ 1     │       │       ║     3 │     3 │       ║
║       │       │       ║ 4     │       │       ║ 4     │ 4     │       ║
║       │ 7     │       ║       │       │       ║ 7     │ 7     │       ║
╟───────┼───────┼───────╫───────┼───────┼───────╫───────┼───────┼───────╢
║   2   │   2   │       ║       │       │       ║       │   2   │       ║
║       │       │       ║       │     6 │       ║       │     6 │       ║
║ 7     │ 7     │       ║       │     9 │       ║       │ 7   9 │       ║
╠═══════╪═══════╪═══════╬═══════╪═══════╪═══════╬═══════╪═══════╪═══════╣
║ 1 2   │ 1 2   │       ║       │       │       ║       │       │       ║
║       │       │       ║       │       │     6 ║     6 │     6 │       ║
║       │       │       ║       │       │     9 ║ 7     │ 7   9 │       ║
╟───────┼───────┼───────╫───────┼───────┼───────╫───────┼───────┼───────╢
║       │       │       ║   2   │       │   2   ║       │       │       ║
║       │       │       ║       │   5   │   5   ║       │ 4 5   │ 4     ║
║       │       │       ║ 7     │ 7     │     9 ║       │     9 │     9 ║
╟───────┼───────┼───────╫───────┼───────┼───────╫───────┼───────┼───────╢
║       │       │       ║       │       │       ║       │       │       ║
║       │       │       ║       │       │   5 6 ║   5 6 │       │       ║
║       │       │       ║       │       │       ║       │       │       ║
╠═══════╪═══════╪═══════╬═══════╪═══════╪═══════╬═══════╪═══════╪═══════╣
║       │       │       ║       │       │       ║       │       │       ║
║       │   5   │       ║       │       │       ║   5 6 │   5 6 │     6 ║
║       │ 7 8   │       ║       │       │       ║ 7     │ 7     │ 7 8   ║
╟───────┼───────┼───────╫───────┼───────┼───────╫───────┼───────┼───────╢
║       │       │       ║   2   │       │   2   ║       │       │       ║
║   5   │       │       ║       │   5   │ 4 5   ║       │       │ 4     ║
║   8   │       │       ║ 7     │ 7     │       ║       │       │   8   ║
╟───────┼───────┼───────╫───────┼───────┼───────╫───────┼───────┼───────╢
║       │       │       ║       │       │       ║   2 3 │   2 3 │       ║
║   5   │       │       ║       │       │ 4 5   ║ 4 5   │ 4 5   │ 4     ║
║ 7     │       │       ║       │       │       ║ 7     │ 7     │ 7     ║
╚═══════╧═══════╧═══════╩═══════╧═══════╧═══════╩═══════╧═══════╧═══════╝
1019 tests
┌───────┬───────┬───────┐
│ [0;32m8[0m [0;32m5[0m [0;32m3[0m │ [0;32m1[0m [0;32m9[0m [0;32m7[0m │ [0;32m4[0m [0;32m2[0m [0;32m6[0m │
│ [0;32m6[0m [0;32m1[0m [0;32m9[0m │ [0;32m4[0m [0;32m2[0m [0;32m8[0m │ [0;32m3[0m [0;32m7[0m [0;32m5[0m │
│ [0;32m2[0m [0;32m7[0m [0;32m4[0m │ [0;32m5[0m [0;32m6[0m [0;32m3[0m │ [0;32m8[0m [0;32m9[0m [0;32m1[0m │
├───────┼───────┼───────┤
│ [0;32m1[0m [0;32m2[0m [0;32m5[0m │ [0;32m8[0m [0;32m4[0m [0;32m9[0m │ [0;32m7[0m [0;32m6[0m [0;32m3[0m │
│ [0;32m3[0m [0;32m6[0m [0;32m8[0m │ [0;32m7[0m [0;32m5[0m [0;32m2[0m │ [0;32m1[0m [0;32m4[0m [0;32m9[0m │
│ [0;32m9[0m [0;32m4[0m [0;32m7[0m │ [0;32m3[0m [0;32m1[0m [0;32m6[0m │ [0;32m5[0m [0;32m8[0m [0;32m2[0m │
├───────┼───────┼───────┤
│ [0;32m4[0m [0;32m8[0m [0;32m2[0m │ [0;32m9[0m [0;32m3[0m [0;32m1[0m │ [0;32m6[0m [0;32m5[0m [0;32m7[0m │
│ [0;32m5[0m [0;32m3[0m [0;32m6[0m │ [0;32m2[0m [0;32m7[0m [0;32m4[0m │ [0;32m9[0m [0;32m1[0m [0;32m8[0m │
│ [0;32m7[0m [0;32m9[0m [0;32m1[0m │ [0;32m6[0m [0;32m8[0m [0;32m5[0m │ [0;32m2[0m [0;32m3[0m [0;32m4[0m │
└───────┴───────┴───────┘
